\BOOKMARK [1][-]{section.1}{Rappels\040de\040seconde\040sur\040les\040algorithmes\040et\040le\040langage\040Python}{}% 1
\BOOKMARK [2][-]{subsection.1.1}{I\040-\040Affectations\040et\040variables}{section.1}% 2
\BOOKMARK [3][-]{subsubsection.1.1.1}{Définition}{subsection.1.1}% 3
\BOOKMARK [3][-]{subsubsection.1.1.2}{Exemple}{subsection.1.1}% 4
\BOOKMARK [3][-]{subsubsection.1.1.3}{Exercice\0401}{subsection.1.1}% 5
\BOOKMARK [3][-]{subsubsection.1.1.4}{Exercice\0402}{subsection.1.1}% 6
\BOOKMARK [3][-]{subsubsection.1.1.5}{Exercice\0403}{subsection.1.1}% 7
\BOOKMARK [3][-]{subsubsection.1.1.6}{Exercice\0404}{subsection.1.1}% 8
\BOOKMARK [2][-]{subsection.1.2}{Instructions\040conditionnelles}{section.1}% 9
\BOOKMARK [3][-]{subsubsection.1.2.1}{Définition}{subsection.1.2}% 10
\BOOKMARK [3][-]{subsubsection.1.2.2}{Exercice\0405}{subsection.1.2}% 11
\BOOKMARK [3][-]{subsubsection.1.2.3}{Exercice\0406}{subsection.1.2}% 12
\BOOKMARK [2][-]{subsection.1.3}{Les\040boucles}{section.1}% 13
\BOOKMARK [3][-]{subsubsection.1.3.1}{Définition}{subsection.1.3}% 14
\BOOKMARK [3][-]{subsubsection.1.3.2}{Exercice\0407}{subsection.1.3}% 15
\BOOKMARK [2][-]{subsection.1.4}{Les\040fonctions}{section.1}% 16
\BOOKMARK [3][-]{subsubsection.1.4.1}{Information}{subsection.1.4}% 17
\BOOKMARK [3][-]{subsubsection.1.4.2}{Remarques\040:}{subsection.1.4}% 18
\BOOKMARK [3][-]{subsubsection.1.4.3}{Exercice\0408}{subsection.1.4}% 19
\BOOKMARK [3][-]{subsubsection.1.4.4}{Définition}{subsection.1.4}% 20
